Replace Part C0 Capacitor in C:\Users\Public\Documents\Altium\Projects\CircularLEDBoard\CircularLED\CircularLED.SchDoc with Capacitor from Celestial Library Database.DbLib
Replace Part C1 Capacitor in C:\Users\Public\Documents\Altium\Projects\CircularLEDBoard\CircularLED\CircularLED.SchDoc with Capacitor from Celestial Library Database.DbLib
Replace Part D0 597-2311-407F in C:\Users\Public\Documents\Altium\Projects\CircularLEDBoard\CircularLED\CircularLED.SchDoc with 597-2311-407F from 597-2311-407F.IntLib
Replace Part D1 597-2311-407F in C:\Users\Public\Documents\Altium\Projects\CircularLEDBoard\CircularLED\CircularLED.SchDoc with 597-2311-407F from 597-2311-407F.IntLib
Replace Part D2 597-2311-407F in C:\Users\Public\Documents\Altium\Projects\CircularLEDBoard\CircularLED\CircularLED.SchDoc with 597-2311-407F from 597-2311-407F.IntLib
Replace Part D3 597-2311-407F in C:\Users\Public\Documents\Altium\Projects\CircularLEDBoard\CircularLED\CircularLED.SchDoc with 597-2311-407F from 597-2311-407F.IntLib
Replace Part D5 597-2311-407F in C:\Users\Public\Documents\Altium\Projects\CircularLEDBoard\CircularLED\CircularLED.SchDoc with 597-2311-407F from 597-2311-407F.IntLib
Replace Part D6 597-2311-407F in C:\Users\Public\Documents\Altium\Projects\CircularLEDBoard\CircularLED\CircularLED.SchDoc with 597-2311-407F from 597-2311-407F.IntLib
Replace Part D7 597-2311-407F in C:\Users\Public\Documents\Altium\Projects\CircularLEDBoard\CircularLED\CircularLED.SchDoc with 597-2311-407F from 597-2311-407F.IntLib
Replace Part D8 597-2311-407F in C:\Users\Public\Documents\Altium\Projects\CircularLEDBoard\CircularLED\CircularLED.SchDoc with 597-2311-407F from 597-2311-407F.IntLib
Replace Part D9 597-2311-407F in C:\Users\Public\Documents\Altium\Projects\CircularLEDBoard\CircularLED\CircularLED.SchDoc with 597-2311-407F from 597-2311-407F.IntLib
Replace Part D10 597-2311-407F in C:\Users\Public\Documents\Altium\Projects\CircularLEDBoard\CircularLED\CircularLED.SchDoc with 597-2311-407F from 597-2311-407F.IntLib
Replace Part D11 597-2311-407F in C:\Users\Public\Documents\Altium\Projects\CircularLEDBoard\CircularLED\CircularLED.SchDoc with 597-2311-407F from 597-2311-407F.IntLib
Replace Part D12 597-2311-407F in C:\Users\Public\Documents\Altium\Projects\CircularLEDBoard\CircularLED\CircularLED.SchDoc with 597-2311-407F from 597-2311-407F.IntLib
Replace Part D13 597-2311-407F in C:\Users\Public\Documents\Altium\Projects\CircularLEDBoard\CircularLED\CircularLED.SchDoc with 597-2311-407F from 597-2311-407F.IntLib
Replace Part D14 597-2311-407F in C:\Users\Public\Documents\Altium\Projects\CircularLEDBoard\CircularLED\CircularLED.SchDoc with 597-2311-407F from 597-2311-407F.IntLib
Replace Part D?\4 597-2311-407F in C:\Users\Public\Documents\Altium\Projects\CircularLEDBoard\CircularLED\CircularLED.SchDoc with 597-2311-407F from 597-2311-407F.IntLib
Replace Part J0 691102710002 in C:\Users\Public\Documents\Altium\Projects\CircularLEDBoard\CircularLED\CircularLED.SchDoc with 691102710002 from 691102710002.IntLib
Replace Part R0 Resistor in C:\Users\Public\Documents\Altium\Projects\CircularLEDBoard\CircularLED\CircularLED.SchDoc with Resistor from Celestial Library Database.DbLib
Replace Part R1 Resistor in C:\Users\Public\Documents\Altium\Projects\CircularLEDBoard\CircularLED\CircularLED.SchDoc with Resistor from Celestial Library Database.DbLib
Replace Part R2 Resistor in C:\Users\Public\Documents\Altium\Projects\CircularLEDBoard\CircularLED\CircularLED.SchDoc with Resistor from Celestial Library Database.DbLib
Replace Part R3 Resistor in C:\Users\Public\Documents\Altium\Projects\CircularLEDBoard\CircularLED\CircularLED.SchDoc with Resistor from Celestial Library Database.DbLib
Replace Part R4 Resistor in C:\Users\Public\Documents\Altium\Projects\CircularLEDBoard\CircularLED\CircularLED.SchDoc with Resistor from Celestial Library Database.DbLib
